<?xml version="1.0" encoding="UTF-8"?>
<!-- Generated by org.testng.reporters.JUnitXMLReporter -->
<testsuite ignored="0" hostname="mindc1d301" failures="0" tests="3" name="Default test" time="50.832" errors="0" timestamp="2022-05-23T00:10:06 IST">
  <testcase classname="Mindtree.Urban.Hover" name="Test3" time="25.899"/>
  <testcase classname="Mindtree.Urban.GiftCard" name="Test2" time="6.265"/>
  <testcase classname="Mindtree.Urban.Cart" name="Test1" time="18.615"/>
</testsuite> <!-- Default test -->
