<?xml version="1.0" encoding="UTF-8"?>
<testng-results ignored="0" total="3" passed="3" failed="0" skipped="0">
  <reporter-output>
  </reporter-output>
  <suite started-at="2022-05-23T00:09:15 IST" name="Default suite" finished-at="2022-05-23T00:10:06 IST" duration-ms="50832">
    <groups>
    </groups>
    <test started-at="2022-05-23T00:09:15 IST" name="Default test" finished-at="2022-05-23T00:10:06 IST" duration-ms="50832">
      <class name="Mindtree.Urban.Hover">
        <test-method signature="Test3()[pri:0, instance:Mindtree.Urban.Hover@37654521]" started-at="2022-05-23T00:09:15 IST" name="Test3" finished-at="2022-05-23T00:09:41 IST" duration-ms="25899" status="PASS">
          <reporter-output>
          </reporter-output>
        </test-method> <!-- Test3 -->
      </class> <!-- Mindtree.Urban.Hover -->
      <class name="Mindtree.Urban.GiftCard">
        <test-method signature="Test2()[pri:0, instance:Mindtree.Urban.GiftCard@3d5c822d]" started-at="2022-05-23T00:09:41 IST" name="Test2" finished-at="2022-05-23T00:09:48 IST" duration-ms="6265" status="PASS">
          <reporter-output>
          </reporter-output>
        </test-method> <!-- Test2 -->
      </class> <!-- Mindtree.Urban.GiftCard -->
      <class name="Mindtree.Urban.Cart">
        <test-method signature="Test1()[pri:0, instance:Mindtree.Urban.Cart@6f46426d]" started-at="2022-05-23T00:09:48 IST" name="Test1" finished-at="2022-05-23T00:10:06 IST" duration-ms="18615" status="PASS">
          <reporter-output>
          </reporter-output>
        </test-method> <!-- Test1 -->
      </class> <!-- Mindtree.Urban.Cart -->
    </test> <!-- Default test -->
  </suite> <!-- Default suite -->
</testng-results>
